<?xml version="1.0" encoding="UTF-8"?>
<testsuite xmlns:xsi="http://www.w3.org/2001/XMLSchema-instance" xsi:noNamespaceSchemaLocation="https://maven.apache.org/surefire/maven-surefire-plugin/xsd/surefire-test-report-3.0.xsd" version="3.0" name="org.acme.AuthorResourceTest" time="7.873" tests="1" errors="1" skipped="0" failures="0">
  <properties>
[...]
</properties>
  <testcase name="testHelloEndpoint" classname="org.acme.AuthorResourceTest" time="0.008">
    <error type="java.lang.RuntimeException"><![CDATA[java.lang.RuntimeException: java.lang.RuntimeException: Failed to start quarkus
Caused by: java.lang.RuntimeException: Failed to start quarkus
Caused by: java.lang.RuntimeException: Unable to start HTTP server
Caused by: java.util.concurrent.ExecutionException: java.net.BindException: Address already in use: bind
Caused by: java.net.BindException: Address already in use: bind
]]></error>
    <system-out><![CDATA[2021-06-22 22:16:14,215 WARN  [org.ela.cli.RestClient] (Hibernate Search - default backend - Transport thread - 1) request [GET http://localhost:9200/] returned 1 warnings: [299 Elasticsearch-7.13.2-4d960a0733be83dd2543ca018aa4ddc42e956800 "Elasticsearch built-in security features are not enabled. Without authentication, your cluster could be accessible to anyone. See https://www.elastic.co/guide/en/elasticsearch/reference/7.13/security-minimal-setup.html to enable security."]
2021-06-22 22:16:14,261 WARN  [org.ela.cli.RestClient] (Hibernate Search - default backend - Transport thread - 1) request [GET http://localhost:9200/author-write,author-read?ignore_unavailable=true&allow_no_indices=true] returned 1 warnings: [299 Elasticsearch-7.13.2-4d960a0733be83dd2543ca018aa4ddc42e956800 "Elasticsearch built-in security features are not enabled. Without authentication, your cluster could be accessible to anyone. See https://www.elastic.co/guide/en/elasticsearch/reference/7.13/security-minimal-setup.html to enable security."]
2021-06-22 22:16:14,269 WARN  [org.ela.cli.RestClient] (Hibernate Search - default backend - Transport thread - 1) request [GET http://localhost:9200/book-write,book-read?ignore_unavailable=true&allow_no_indices=true] returned 1 warnings: [299 Elasticsearch-7.13.2-4d960a0733be83dd2543ca018aa4ddc42e956800 "Elasticsearch built-in security features are not enabled. Without authentication, your cluster could be accessible to anyone. See https://www.elastic.co/guide/en/elasticsearch/reference/7.13/security-minimal-setup.html to enable security."]
2021-06-22 22:16:14,339 WARN  [org.ela.cli.RestClient] (Hibernate Search - default backend - Transport thread - 2) request [DELETE http://localhost:9200/author-000001] returned 1 warnings: [299 Elasticsearch-7.13.2-4d960a0733be83dd2543ca018aa4ddc42e956800 "Elasticsearch built-in security features are not enabled. Without authentication, your cluster could be accessible to anyone. See https://www.elastic.co/guide/en/elasticsearch/reference/7.13/security-minimal-setup.html to enable security."]
2021-06-22 22:16:14,409 WARN  [org.ela.cli.RestClient] (Hibernate Search - default backend - Transport thread - 1) request [DELETE http://localhost:9200/book-000001] returned 1 warnings: [299 Elasticsearch-7.13.2-4d960a0733be83dd2543ca018aa4ddc42e956800 "Elasticsearch built-in security features are not enabled. Without authentication, your cluster could be accessible to anyone. See https://www.elastic.co/guide/en/elasticsearch/reference/7.13/security-minimal-setup.html to enable security."]
2021-06-22 22:16:14,610 WARN  [org.ela.cli.RestClient] (Hibernate Search - default backend - Transport thread - 2) request [PUT http://localhost:9200/author-000001] returned 2 warnings: [299 Elasticsearch-7.13.2-4d960a0733be83dd2543ca018aa4ddc42e956800 "The [edgeNGram] token filter name is deprecated and will be removed in a future version. Please change the filter name to [edge_ngram] instead."],[299 Elasticsearch-7.13.2-4d960a0733be83dd2543ca018aa4ddc42e956800 "Elasticsearch built-in security features are not enabled. Without authentication, your cluster could be accessible to anyone. See https://www.elastic.co/guide/en/elasticsearch/reference/7.13/security-minimal-setup.html to enable security."]
2021-06-22 22:16:14,619 WARN  [org.ela.cli.RestClient] (Hibernate Search - default backend - Transport thread - 2) request [GET http://localhost:9200/_cluster/health/author-write?timeout=10000ms&wait_for_status=yellow] returned 1 warnings: [299 Elasticsearch-7.13.2-4d960a0733be83dd2543ca018aa4ddc42e956800 "Elasticsearch built-in security features are not enabled. Without authentication, your cluster could be accessible to anyone. See https://www.elastic.co/guide/en/elasticsearch/reference/7.13/security-minimal-setup.html to enable security."]
2021-06-22 22:16:14,662 WARN  [org.ela.cli.RestClient] (Hibernate Search - default backend - Transport thread - 1) request [PUT http://localhost:9200/book-000001] returned 2 warnings: [299 Elasticsearch-7.13.2-4d960a0733be83dd2543ca018aa4ddc42e956800 "The [edgeNGram] token filter name is deprecated and will be removed in a future version. Please change the filter name to [edge_ngram] instead."],[299 Elasticsearch-7.13.2-4d960a0733be83dd2543ca018aa4ddc42e956800 "Elasticsearch built-in security features are not enabled. Without authentication, your cluster could be accessible to anyone. See https://www.elastic.co/guide/en/elasticsearch/reference/7.13/security-minimal-setup.html to enable security."]
2021-06-22 22:16:14,665 WARN  [org.ela.cli.RestClient] (Hibernate Search - default backend - Transport thread - 1) request [GET http://localhost:9200/_cluster/health/book-write?timeout=10000ms&wait_for_status=yellow] returned 1 warnings: [299 Elasticsearch-7.13.2-4d960a0733be83dd2543ca018aa4ddc42e956800 "Elasticsearch built-in security features are not enabled. Without authentication, your cluster could be accessible to anyone. See https://www.elastic.co/guide/en/elasticsearch/reference/7.13/security-minimal-setup.html to enable security."]
2021-06-22 22:16:15,038 WARN  [org.ela.cli.RestClient] (Hibernate Search - default backend - Transport thread - 1) request [POST http://localhost:9200/author-write/_refresh] returned 1 warnings: [299 Elasticsearch-7.13.2-4d960a0733be83dd2543ca018aa4ddc42e956800 "Elasticsearch built-in security features are not enabled. Without authentication, your cluster could be accessible to anyone. See https://www.elastic.co/guide/en/elasticsearch/reference/7.13/security-minimal-setup.html to enable security."]
2021-06-22 22:16:15,040 WARN  [org.ela.cli.RestClient] (Hibernate Search - default backend - Transport thread - 2) request [POST http://localhost:9200/book-write/_refresh] returned 1 warnings: [299 Elasticsearch-7.13.2-4d960a0733be83dd2543ca018aa4ddc42e956800 "Elasticsearch built-in security features are not enabled. Without authentication, your cluster could be accessible to anyone. See https://www.elastic.co/guide/en/elasticsearch/reference/7.13/security-minimal-setup.html to enable security."]
2021-06-22 22:16:15,047 WARN  [org.ela.cli.RestClient] (Hibernate Search - default backend - Transport thread - 1) request [POST http://localhost:9200/book-write/_delete_by_query?conflicts=proceed] returned 1 warnings: [299 Elasticsearch-7.13.2-4d960a0733be83dd2543ca018aa4ddc42e956800 "Elasticsearch built-in security features are not enabled. Without authentication, your cluster could be accessible to anyone. See https://www.elastic.co/guide/en/elasticsearch/reference/7.13/security-minimal-setup.html to enable security."]
2021-06-22 22:16:15,047 WARN  [org.ela.cli.RestClient] (Hibernate Search - default backend - Transport thread - 2) request [POST http://localhost:9200/author-write/_delete_by_query?conflicts=proceed] returned 1 warnings: [299 Elasticsearch-7.13.2-4d960a0733be83dd2543ca018aa4ddc42e956800 "Elasticsearch built-in security features are not enabled. Without authentication, your cluster could be accessible to anyone. See https://www.elastic.co/guide/en/elasticsearch/reference/7.13/security-minimal-setup.html to enable security."]
2021-06-22 22:16:15,052 WARN  [org.ela.cli.RestClient] (Hibernate Search - default backend - Transport thread - 2) request [POST http://localhost:9200/author-write/_forcemerge] returned 1 warnings: [299 Elasticsearch-7.13.2-4d960a0733be83dd2543ca018aa4ddc42e956800 "Elasticsearch built-in security features are not enabled. Without authentication, your cluster could be accessible to anyone. See https://www.elastic.co/guide/en/elasticsearch/reference/7.13/security-minimal-setup.html to enable security."]
2021-06-22 22:16:15,052 WARN  [org.ela.cli.RestClient] (Hibernate Search - default backend - Transport thread - 1) request [POST http://localhost:9200/book-write/_forcemerge] returned 1 warnings: [299 Elasticsearch-7.13.2-4d960a0733be83dd2543ca018aa4ddc42e956800 "Elasticsearch built-in security features are not enabled. Without authentication, your cluster could be accessible to anyone. See https://www.elastic.co/guide/en/elasticsearch/reference/7.13/security-minimal-setup.html to enable security."]
2021-06-22 22:16:15,136 INFO  [org.hib.sea.map.orm.mas.imp.LoggingMassIndexingMonitor] (Hibernate Search - Mass indexing - Author - ID loading - 0) HSEARCH000027: Mass indexing is going to index 20 entities.
2021-06-22 22:16:15,260 WARN  [org.ela.cli.RestClient] (Hibernate Search - default backend - Transport thread - 1) request [POST http://localhost:9200/_bulk] returned 1 warnings: [299 Elasticsearch-7.13.2-4d960a0733be83dd2543ca018aa4ddc42e956800 "Elasticsearch built-in security features are not enabled. Without authentication, your cluster could be accessible to anyone. See https://www.elastic.co/guide/en/elasticsearch/reference/7.13/security-minimal-setup.html to enable security."]
2021-06-22 22:16:15,263 WARN  [org.ela.cli.RestClient] (Hibernate Search - default backend - Transport thread - 8) request [POST http://localhost:9200/_bulk] returned 1 warnings: [299 Elasticsearch-7.13.2-4d960a0733be83dd2543ca018aa4ddc42e956800 "Elasticsearch built-in security features are not enabled. Without authentication, your cluster could be accessible to anyone. See https://www.elastic.co/guide/en/elasticsearch/reference/7.13/security-minimal-setup.html to enable security."]
2021-06-22 22:16:15,263 WARN  [org.ela.cli.RestClient] (Hibernate Search - default backend - Transport thread - 2) request [POST http://localhost:9200/_bulk] returned 1 warnings: [299 Elasticsearch-7.13.2-4d960a0733be83dd2543ca018aa4ddc42e956800 "Elasticsearch built-in security features are not enabled. Without authentication, your cluster could be accessible to anyone. See https://www.elastic.co/guide/en/elasticsearch/reference/7.13/security-minimal-setup.html to enable security."]
2021-06-22 22:16:15,263 WARN  [org.ela.cli.RestClient] (Hibernate Search - default backend - Transport thread - 6) request [POST http://localhost:9200/_bulk] returned 1 warnings: [299 Elasticsearch-7.13.2-4d960a0733be83dd2543ca018aa4ddc42e956800 "Elasticsearch built-in security features are not enabled. Without authentication, your cluster could be accessible to anyone. See https://www.elastic.co/guide/en/elasticsearch/reference/7.13/security-minimal-setup.html to enable security."]
2021-06-22 22:16:15,263 WARN  [org.ela.cli.RestClient] (Hibernate Search - default backend - Transport thread - 3) request [POST http://localhost:9200/_bulk] returned 1 warnings: [299 Elasticsearch-7.13.2-4d960a0733be83dd2543ca018aa4ddc42e956800 "Elasticsearch built-in security features are not enabled. Without authentication, your cluster could be accessible to anyone. See https://www.elastic.co/guide/en/elasticsearch/reference/7.13/security-minimal-setup.html to enable security."]
2021-06-22 22:16:15,263 WARN  [org.ela.cli.RestClient] (Hibernate Search - default backend - Transport thread - 5) request [POST http://localhost:9200/_bulk] returned 1 warnings: [299 Elasticsearch-7.13.2-4d960a0733be83dd2543ca018aa4ddc42e956800 "Elasticsearch built-in security features are not enabled. Without authentication, your cluster could be accessible to anyone. See https://www.elastic.co/guide/en/elasticsearch/reference/7.13/security-minimal-setup.html to enable security."]
2021-06-22 22:16:15,263 WARN  [org.ela.cli.RestClient] (Hibernate Search - default backend - Transport thread - 7) request [POST http://localhost:9200/_bulk] returned 1 warnings: [299 Elasticsearch-7.13.2-4d960a0733be83dd2543ca018aa4ddc42e956800 "Elasticsearch built-in security features are not enabled. Without authentication, your cluster could be accessible to anyone. See https://www.elastic.co/guide/en/elasticsearch/reference/7.13/security-minimal-setup.html to enable security."]
2021-06-22 22:16:15,263 WARN  [org.ela.cli.RestClient] (Hibernate Search - default backend - Transport thread - 1) request [POST http://localhost:9200/_bulk] returned 1 warnings: [299 Elasticsearch-7.13.2-4d960a0733be83dd2543ca018aa4ddc42e956800 "Elasticsearch built-in security features are not enabled. Without authentication, your cluster could be accessible to anyone. See https://www.elastic.co/guide/en/elasticsearch/reference/7.13/security-minimal-setup.html to enable security."]
2021-06-22 22:16:15,263 WARN  [org.ela.cli.RestClient] (Hibernate Search - default backend - Transport thread - 2) request [POST http://localhost:9200/_bulk] returned 1 warnings: [299 Elasticsearch-7.13.2-4d960a0733be83dd2543ca018aa4ddc42e956800 "Elasticsearch built-in security features are not enabled. Without authentication, your cluster could be accessible to anyone. See https://www.elastic.co/guide/en/elasticsearch/reference/7.13/security-minimal-setup.html to enable security."]
2021-06-22 22:16:15,270 WARN  [org.ela.cli.RestClient] (Hibernate Search - default backend - Transport thread - 4) request [POST http://localhost:9200/_bulk] returned 1 warnings: [299 Elasticsearch-7.13.2-4d960a0733be83dd2543ca018aa4ddc42e956800 "Elasticsearch built-in security features are not enabled. Without authentication, your cluster could be accessible to anyone. See https://www.elastic.co/guide/en/elasticsearch/reference/7.13/security-minimal-setup.html to enable security."]
2021-06-22 22:16:15,282 WARN  [org.ela.cli.RestClient] (Hibernate Search - default backend - Transport thread - 1) request [POST http://localhost:9200/_bulk] returned 1 warnings: [299 Elasticsearch-7.13.2-4d960a0733be83dd2543ca018aa4ddc42e956800 "Elasticsearch built-in security features are not enabled. Without authentication, your cluster could be accessible to anyone. See https://www.elastic.co/guide/en/elasticsearch/reference/7.13/security-minimal-setup.html to enable security."]
2021-06-22 22:16:15,284 WARN  [org.ela.cli.RestClient] (Hibernate Search - default backend - Transport thread - 8) request [POST http://localhost:9200/_bulk] returned 1 warnings: [299 Elasticsearch-7.13.2-4d960a0733be83dd2543ca018aa4ddc42e956800 "Elasticsearch built-in security features are not enabled. Without authentication, your cluster could be accessible to anyone. See https://www.elastic.co/guide/en/elasticsearch/reference/7.13/security-minimal-setup.html to enable security."]
2021-06-22 22:16:15,284 WARN  [org.ela.cli.RestClient] (Hibernate Search - default backend - Transport thread - 2) request [POST http://localhost:9200/_bulk] returned 1 warnings: [299 Elasticsearch-7.13.2-4d960a0733be83dd2543ca018aa4ddc42e956800 "Elasticsearch built-in security features are not enabled. Without authentication, your cluster could be accessible to anyone. See https://www.elastic.co/guide/en/elasticsearch/reference/7.13/security-minimal-setup.html to enable security."]
2021-06-22 22:16:15,284 WARN  [org.ela.cli.RestClient] (Hibernate Search - default backend - Transport thread - 1) request [POST http://localhost:9200/_bulk] returned 1 warnings: [299 Elasticsearch-7.13.2-4d960a0733be83dd2543ca018aa4ddc42e956800 "Elasticsearch built-in security features are not enabled. Without authentication, your cluster could be accessible to anyone. See https://www.elastic.co/guide/en/elasticsearch/reference/7.13/security-minimal-setup.html to enable security."]
2021-06-22 22:16:15,284 WARN  [org.ela.cli.RestClient] (Hibernate Search - default backend - Transport thread - 2) request [POST http://localhost:9200/_bulk] returned 1 warnings: [299 Elasticsearch-7.13.2-4d960a0733be83dd2543ca018aa4ddc42e956800 "Elasticsearch built-in security features are not enabled. Without authentication, your cluster could be accessible to anyone. See https://www.elastic.co/guide/en/elasticsearch/reference/7.13/security-minimal-setup.html to enable security."]
2021-06-22 22:16:15,290 WARN  [org.ela.cli.RestClient] (Hibernate Search - default backend - Transport thread - 4) request [POST http://localhost:9200/_bulk] returned 1 warnings: [299 Elasticsearch-7.13.2-4d960a0733be83dd2543ca018aa4ddc42e956800 "Elasticsearch built-in security features are not enabled. Without authentication, your cluster could be accessible to anyone. See https://www.elastic.co/guide/en/elasticsearch/reference/7.13/security-minimal-setup.html to enable security."]
2021-06-22 22:16:15,290 WARN  [org.ela.cli.RestClient] (Hibernate Search - default backend - Transport thread - 7) request [POST http://localhost:9200/_bulk] returned 1 warnings: [299 Elasticsearch-7.13.2-4d960a0733be83dd2543ca018aa4ddc42e956800 "Elasticsearch built-in security features are not enabled. Without authentication, your cluster could be accessible to anyone. See https://www.elastic.co/guide/en/elasticsearch/reference/7.13/security-minimal-setup.html to enable security."]
2021-06-22 22:16:15,292 WARN  [org.ela.cli.RestClient] (Hibernate Search - default backend - Transport thread - 6) request [POST http://localhost:9200/_bulk] returned 1 warnings: [299 Elasticsearch-7.13.2-4d960a0733be83dd2543ca018aa4ddc42e956800 "Elasticsearch built-in security features are not enabled. Without authentication, your cluster could be accessible to anyone. See https://www.elastic.co/guide/en/elasticsearch/reference/7.13/security-minimal-setup.html to enable security."]
2021-06-22 22:16:15,291 WARN  [org.ela.cli.RestClient] (Hibernate Search - default backend - Transport thread - 3) request [POST http://localhost:9200/_bulk] returned 1 warnings: [299 Elasticsearch-7.13.2-4d960a0733be83dd2543ca018aa4ddc42e956800 "Elasticsearch built-in security features are not enabled. Without authentication, your cluster could be accessible to anyone. See https://www.elastic.co/guide/en/elasticsearch/reference/7.13/security-minimal-setup.html to enable security."]
2021-06-22 22:16:15,293 WARN  [org.ela.cli.RestClient] (Hibernate Search - default backend - Transport thread - 5) request [POST http://localhost:9200/_bulk] returned 1 warnings: [299 Elasticsearch-7.13.2-4d960a0733be83dd2543ca018aa4ddc42e956800 "Elasticsearch built-in security features are not enabled. Without authentication, your cluster could be accessible to anyone. See https://www.elastic.co/guide/en/elasticsearch/reference/7.13/security-minimal-setup.html to enable security."]
2021-06-22 22:16:15,300 INFO  [org.hib.sea.map.orm.mas.imp.LoggingMassIndexingMonitor] (Hibernate Search - Mass indexing - Book - ID loading - 0) HSEARCH000027: Mass indexing is going to index 211 entities.
2021-06-22 22:16:15,338 WARN  [org.ela.cli.RestClient] (Hibernate Search - default backend - Transport thread - 7) request [POST http://localhost:9200/_bulk] returned 1 warnings: [299 Elasticsearch-7.13.2-4d960a0733be83dd2543ca018aa4ddc42e956800 "Elasticsearch built-in security features are not enabled. Without authentication, your cluster could be accessible to anyone. See https://www.elastic.co/guide/en/elasticsearch/reference/7.13/security-minimal-setup.html to enable security."]
2021-06-22 22:16:15,340 WARN  [org.ela.cli.RestClient] (Hibernate Search - default backend - Transport thread - 5) request [POST http://localhost:9200/_bulk] returned 1 warnings: [299 Elasticsearch-7.13.2-4d960a0733be83dd2543ca018aa4ddc42e956800 "Elasticsearch built-in security features are not enabled. Without authentication, your cluster could be accessible to anyone. See https://www.elastic.co/guide/en/elasticsearch/reference/7.13/security-minimal-setup.html to enable security."]
2021-06-22 22:16:15,340 WARN  [org.ela.cli.RestClient] (Hibernate Search - default backend - Transport thread - 8) request [POST http://localhost:9200/_bulk] returned 1 warnings: [299 Elasticsearch-7.13.2-4d960a0733be83dd2543ca018aa4ddc42e956800 "Elasticsearch built-in security features are not enabled. Without authentication, your cluster could be accessible to anyone. See https://www.elastic.co/guide/en/elasticsearch/reference/7.13/security-minimal-setup.html to enable security."]
2021-06-22 22:16:15,340 WARN  [org.ela.cli.RestClient] (Hibernate Search - default backend - Transport thread - 1) request [POST http://localhost:9200/_bulk] returned 1 warnings: [299 Elasticsearch-7.13.2-4d960a0733be83dd2543ca018aa4ddc42e956800 "Elasticsearch built-in security features are not enabled. Without authentication, your cluster could be accessible to anyone. See https://www.elastic.co/guide/en/elasticsearch/reference/7.13/security-minimal-setup.html to enable security."]
2021-06-22 22:16:15,340 WARN  [org.ela.cli.RestClient] (Hibernate Search - default backend - Transport thread - 4) request [POST http://localhost:9200/_bulk] returned 1 warnings: [299 Elasticsearch-7.13.2-4d960a0733be83dd2543ca018aa4ddc42e956800 "Elasticsearch built-in security features are not enabled. Without authentication, your cluster could be accessible to anyone. See https://www.elastic.co/guide/en/elasticsearch/reference/7.13/security-minimal-setup.html to enable security."]
2021-06-22 22:16:15,340 WARN  [org.ela.cli.RestClient] (Hibernate Search - default backend - Transport thread - 6) request [POST http://localhost:9200/_bulk] returned 1 warnings: [299 Elasticsearch-7.13.2-4d960a0733be83dd2543ca018aa4ddc42e956800 "Elasticsearch built-in security features are not enabled. Without authentication, your cluster could be accessible to anyone. See https://www.elastic.co/guide/en/elasticsearch/reference/7.13/security-minimal-setup.html to enable security."]
2021-06-22 22:16:15,348 WARN  [org.ela.cli.RestClient] (Hibernate Search - default backend - Transport thread - 2) request [POST http://localhost:9200/_bulk] returned 1 warnings: [299 Elasticsearch-7.13.2-4d960a0733be83dd2543ca018aa4ddc42e956800 "Elasticsearch built-in security features are not enabled. Without authentication, your cluster could be accessible to anyone. See https://www.elastic.co/guide/en/elasticsearch/reference/7.13/security-minimal-setup.html to enable security."]
2021-06-22 22:16:15,348 WARN  [org.ela.cli.RestClient] (Hibernate Search - default backend - Transport thread - 3) request [POST http://localhost:9200/_bulk] returned 1 warnings: [299 Elasticsearch-7.13.2-4d960a0733be83dd2543ca018aa4ddc42e956800 "Elasticsearch built-in security features are not enabled. Without authentication, your cluster could be accessible to anyone. See https://www.elastic.co/guide/en/elasticsearch/reference/7.13/security-minimal-setup.html to enable security."]
2021-06-22 22:16:15,350 WARN  [org.ela.cli.RestClient] (Hibernate Search - default backend - Transport thread - 1) request [POST http://localhost:9200/_bulk] returned 1 warnings: [299 Elasticsearch-7.13.2-4d960a0733be83dd2543ca018aa4ddc42e956800 "Elasticsearch built-in security features are not enabled. Without authentication, your cluster could be accessible to anyone. See https://www.elastic.co/guide/en/elasticsearch/reference/7.13/security-minimal-setup.html to enable security."]
2021-06-22 22:16:15,349 WARN  [org.ela.cli.RestClient] (Hibernate Search - default backend - Transport thread - 2) request [POST http://localhost:9200/_bulk] returned 1 warnings: [299 Elasticsearch-7.13.2-4d960a0733be83dd2543ca018aa4ddc42e956800 "Elasticsearch built-in security features are not enabled. Without authentication, your cluster could be accessible to anyone. See https://www.elastic.co/guide/en/elasticsearch/reference/7.13/security-minimal-setup.html to enable security."]
2021-06-22 22:16:15,351 WARN  [org.ela.cli.RestClient] (Hibernate Search - default backend - Transport thread - 7) request [POST http://localhost:9200/_bulk] returned 1 warnings: [299 Elasticsearch-7.13.2-4d960a0733be83dd2543ca018aa4ddc42e956800 "Elasticsearch built-in security features are not enabled. Without authentication, your cluster could be accessible to anyone. See https://www.elastic.co/guide/en/elasticsearch/reference/7.13/security-minimal-setup.html to enable security."]
2021-06-22 22:16:15,359 WARN  [org.ela.cli.RestClient] (Hibernate Search - default backend - Transport thread - 6) request [POST http://localhost:9200/_bulk] returned 1 warnings: [299 Elasticsearch-7.13.2-4d960a0733be83dd2543ca018aa4ddc42e956800 "Elasticsearch built-in security features are not enabled. Without authentication, your cluster could be accessible to anyone. See https://www.elastic.co/guide/en/elasticsearch/reference/7.13/security-minimal-setup.html to enable security."]
2021-06-22 22:16:15,359 WARN  [org.ela.cli.RestClient] (Hibernate Search - default backend - Transport thread - 2) request [POST http://localhost:9200/_bulk] returned 1 warnings: [299 Elasticsearch-7.13.2-4d960a0733be83dd2543ca018aa4ddc42e956800 "Elasticsearch built-in security features are not enabled. Without authentication, your cluster could be accessible to anyone. See https://www.elastic.co/guide/en/elasticsearch/reference/7.13/security-minimal-setup.html to enable security."]
2021-06-22 22:16:15,362 WARN  [org.ela.cli.RestClient] (Hibernate Search - default backend - Transport thread - 8) request [POST http://localhost:9200/_bulk] returned 1 warnings: [299 Elasticsearch-7.13.2-4d960a0733be83dd2543ca018aa4ddc42e956800 "Elasticsearch built-in security features are not enabled. Without authentication, your cluster could be accessible to anyone. See https://www.elastic.co/guide/en/elasticsearch/reference/7.13/security-minimal-setup.html to enable security."]
2021-06-22 22:16:15,363 WARN  [org.ela.cli.RestClient] (Hibernate Search - default backend - Transport thread - 1) request [POST http://localhost:9200/_bulk] returned 1 warnings: [299 Elasticsearch-7.13.2-4d960a0733be83dd2543ca018aa4ddc42e956800 "Elasticsearch built-in security features are not enabled. Without authentication, your cluster could be accessible to anyone. See https://www.elastic.co/guide/en/elasticsearch/reference/7.13/security-minimal-setup.html to enable security."]
2021-06-22 22:16:15,364 WARN  [org.ela.cli.RestClient] (Hibernate Search - default backend - Transport thread - 1) request [POST http://localhost:9200/_bulk] returned 1 warnings: [299 Elasticsearch-7.13.2-4d960a0733be83dd2543ca018aa4ddc42e956800 "Elasticsearch built-in security features are not enabled. Without authentication, your cluster could be accessible to anyone. See https://www.elastic.co/guide/en/elasticsearch/reference/7.13/security-minimal-setup.html to enable security."]
2021-06-22 22:16:15,365 WARN  [org.ela.cli.RestClient] (Hibernate Search - default backend - Transport thread - 2) request [POST http://localhost:9200/_bulk] returned 1 warnings: [299 Elasticsearch-7.13.2-4d960a0733be83dd2543ca018aa4ddc42e956800 "Elasticsearch built-in security features are not enabled. Without authentication, your cluster could be accessible to anyone. See https://www.elastic.co/guide/en/elasticsearch/reference/7.13/security-minimal-setup.html to enable security."]
2021-06-22 22:16:15,365 WARN  [org.ela.cli.RestClient] (Hibernate Search - default backend - Transport thread - 4) request [POST http://localhost:9200/_bulk] returned 1 warnings: [299 Elasticsearch-7.13.2-4d960a0733be83dd2543ca018aa4ddc42e956800 "Elasticsearch built-in security features are not enabled. Without authentication, your cluster could be accessible to anyone. See https://www.elastic.co/guide/en/elasticsearch/reference/7.13/security-minimal-setup.html to enable security."]
2021-06-22 22:16:15,365 WARN  [org.ela.cli.RestClient] (Hibernate Search - default backend - Transport thread - 3) request [POST http://localhost:9200/_bulk] returned 1 warnings: [299 Elasticsearch-7.13.2-4d960a0733be83dd2543ca018aa4ddc42e956800 "Elasticsearch built-in security features are not enabled. Without authentication, your cluster could be accessible to anyone. See https://www.elastic.co/guide/en/elasticsearch/reference/7.13/security-minimal-setup.html to enable security."]
2021-06-22 22:16:15,387 WARN  [org.ela.cli.RestClient] (Hibernate Search - default backend - Transport thread - 4) request [POST http://localhost:9200/_bulk] returned 1 warnings: [299 Elasticsearch-7.13.2-4d960a0733be83dd2543ca018aa4ddc42e956800 "Elasticsearch built-in security features are not enabled. Without authentication, your cluster could be accessible to anyone. See https://www.elastic.co/guide/en/elasticsearch/reference/7.13/security-minimal-setup.html to enable security."]
2021-06-22 22:16:15,388 WARN  [org.ela.cli.RestClient] (Hibernate Search - default backend - Transport thread - 3) request [POST http://localhost:9200/_bulk] returned 1 warnings: [299 Elasticsearch-7.13.2-4d960a0733be83dd2543ca018aa4ddc42e956800 "Elasticsearch built-in security features are not enabled. Without authentication, your cluster could be accessible to anyone. See https://www.elastic.co/guide/en/elasticsearch/reference/7.13/security-minimal-setup.html to enable security."]
2021-06-22 22:16:15,388 WARN  [org.ela.cli.RestClient] (Hibernate Search - default backend - Transport thread - 2) request [POST http://localhost:9200/_bulk] returned 1 warnings: [299 Elasticsearch-7.13.2-4d960a0733be83dd2543ca018aa4ddc42e956800 "Elasticsearch built-in security features are not enabled. Without authentication, your cluster could be accessible to anyone. See https://www.elastic.co/guide/en/elasticsearch/reference/7.13/security-minimal-setup.html to enable security."]
2021-06-22 22:16:15,388 WARN  [org.ela.cli.RestClient] (Hibernate Search - default backend - Transport thread - 1) request [POST http://localhost:9200/_bulk] returned 1 warnings: [299 Elasticsearch-7.13.2-4d960a0733be83dd2543ca018aa4ddc42e956800 "Elasticsearch built-in security features are not enabled. Without authentication, your cluster could be accessible to anyone. See https://www.elastic.co/guide/en/elasticsearch/reference/7.13/security-minimal-setup.html to enable security."]
2021-06-22 22:16:15,388 WARN  [org.ela.cli.RestClient] (Hibernate Search - default backend - Transport thread - 8) request [POST http://localhost:9200/_bulk] returned 1 warnings: [299 Elasticsearch-7.13.2-4d960a0733be83dd2543ca018aa4ddc42e956800 "Elasticsearch built-in security features are not enabled. Without authentication, your cluster could be accessible to anyone. See https://www.elastic.co/guide/en/elasticsearch/reference/7.13/security-minimal-setup.html to enable security."]
2021-06-22 22:16:15,388 WARN  [org.ela.cli.RestClient] (Hibernate Search - default backend - Transport thread - 1) request [POST http://localhost:9200/_bulk] returned 1 warnings: [299 Elasticsearch-7.13.2-4d960a0733be83dd2543ca018aa4ddc42e956800 "Elasticsearch built-in security features are not enabled. Without authentication, your cluster could be accessible to anyone. See https://www.elastic.co/guide/en/elasticsearch/reference/7.13/security-minimal-setup.html to enable security."]
2021-06-22 22:16:15,397 WARN  [org.ela.cli.RestClient] (Hibernate Search - default backend - Transport thread - 2) request [POST http://localhost:9200/_bulk] returned 1 warnings: [299 Elasticsearch-7.13.2-4d960a0733be83dd2543ca018aa4ddc42e956800 "Elasticsearch built-in security features are not enabled. Without authentication, your cluster could be accessible to anyone. See https://www.elastic.co/guide/en/elasticsearch/reference/7.13/security-minimal-setup.html to enable security."]
2021-06-22 22:16:15,397 WARN  [org.ela.cli.RestClient] (Hibernate Search - default backend - Transport thread - 6) request [POST http://localhost:9200/_bulk] returned 1 warnings: [299 Elasticsearch-7.13.2-4d960a0733be83dd2543ca018aa4ddc42e956800 "Elasticsearch built-in security features are not enabled. Without authentication, your cluster could be accessible to anyone. See https://www.elastic.co/guide/en/elasticsearch/reference/7.13/security-minimal-setup.html to enable security."]
2021-06-22 22:16:15,398 WARN  [org.ela.cli.RestClient] (Hibernate Search - default backend - Transport thread - 7) request [POST http://localhost:9200/_bulk] returned 1 warnings: [299 Elasticsearch-7.13.2-4d960a0733be83dd2543ca018aa4ddc42e956800 "Elasticsearch built-in security features are not enabled. Without authentication, your cluster could be accessible to anyone. See https://www.elastic.co/guide/en/elasticsearch/reference/7.13/security-minimal-setup.html to enable security."]
2021-06-22 22:16:15,402 WARN  [org.ela.cli.RestClient] (Hibernate Search - default backend - Transport thread - 1) request [POST http://localhost:9200/_bulk] returned 1 warnings: [299 Elasticsearch-7.13.2-4d960a0733be83dd2543ca018aa4ddc42e956800 "Elasticsearch built-in security features are not enabled. Without authentication, your cluster could be accessible to anyone. See https://www.elastic.co/guide/en/elasticsearch/reference/7.13/security-minimal-setup.html to enable security."]
2021-06-22 22:16:15,402 WARN  [org.ela.cli.RestClient] (Hibernate Search - default backend - Transport thread - 5) request [POST http://localhost:9200/_bulk] returned 1 warnings: [299 Elasticsearch-7.13.2-4d960a0733be83dd2543ca018aa4ddc42e956800 "Elasticsearch built-in security features are not enabled. Without authentication, your cluster could be accessible to anyone. See https://www.elastic.co/guide/en/elasticsearch/reference/7.13/security-minimal-setup.html to enable security."]
2021-06-22 22:16:15,403 INFO  [org.hib.sea.map.orm.mas.imp.LoggingMassIndexingMonitor] (Hibernate Search - Mass indexing - Book - Entity loading - 2) HSEARCH000030: Mass indexing progress: indexed 50 entities in 109 ms.
2021-06-22 22:16:15,403 WARN  [org.ela.cli.RestClient] (Hibernate Search - default backend - Transport thread - 8) request [POST http://localhost:9200/_bulk] returned 1 warnings: [299 Elasticsearch-7.13.2-4d960a0733be83dd2543ca018aa4ddc42e956800 "Elasticsearch built-in security features are not enabled. Without authentication, your cluster could be accessible to anyone. See https://www.elastic.co/guide/en/elasticsearch/reference/7.13/security-minimal-setup.html to enable security."]
2021-06-22 22:16:15,403 WARN  [org.ela.cli.RestClient] (Hibernate Search - default backend - Transport thread - 1) request [POST http://localhost:9200/_bulk] returned 1 warnings: [299 Elasticsearch-7.13.2-4d960a0733be83dd2543ca018aa4ddc42e956800 "Elasticsearch built-in security features are not enabled. Without authentication, your cluster could be accessible to anyone. See https://www.elastic.co/guide/en/elasticsearch/reference/7.13/security-minimal-setup.html to enable security."]
2021-06-22 22:16:15,403 INFO  [org.hib.sea.map.orm.mas.imp.LoggingMassIndexingMonitor] (Hibernate Search - Mass indexing - Book - Entity loading - 2) HSEARCH000031: Mass indexing progress: 21.65% [458.715607 documents/second].
2021-06-22 22:16:15,403 WARN  [org.ela.cli.RestClient] (Hibernate Search - default backend - Transport thread - 2) request [POST http://localhost:9200/_bulk] returned 1 warnings: [299 Elasticsearch-7.13.2-4d960a0733be83dd2543ca018aa4ddc42e956800 "Elasticsearch built-in security features are not enabled. Without authentication, your cluster could be accessible to anyone. See https://www.elastic.co/guide/en/elasticsearch/reference/7.13/security-minimal-setup.html to enable security."]
2021-06-22 22:16:15,436 WARN  [org.ela.cli.RestClient] (Hibernate Search - default backend - Transport thread - 2) request [POST http://localhost:9200/_bulk] returned 1 warnings: [299 Elasticsearch-7.13.2-4d960a0733be83dd2543ca018aa4ddc42e956800 "Elasticsearch built-in security features are not enabled. Without authentication, your cluster could be accessible to anyone. See https://www.elastic.co/guide/en/elasticsearch/reference/7.13/security-minimal-setup.html to enable security."]
2021-06-22 22:16:15,440 WARN  [org.ela.cli.RestClient] (Hibernate Search - default backend - Transport thread - 1) request [POST http://localhost:9200/_bulk] returned 1 warnings: [299 Elasticsearch-7.13.2-4d960a0733be83dd2543ca018aa4ddc42e956800 "Elasticsearch built-in security features are not enabled. Without authentication, your cluster could be accessible to anyone. See https://www.elastic.co/guide/en/elasticsearch/reference/7.13/security-minimal-setup.html to enable security."]
2021-06-22 22:16:15,440 WARN  [org.ela.cli.RestClient] (Hibernate Search - default backend - Transport thread - 5) request [POST http://localhost:9200/_bulk] returned 1 warnings: [299 Elasticsearch-7.13.2-4d960a0733be83dd2543ca018aa4ddc42e956800 "Elasticsearch built-in security features are not enabled. Without authentication, your cluster could be accessible to anyone. See https://www.elastic.co/guide/en/elasticsearch/reference/7.13/security-minimal-setup.html to enable security."]
2021-06-22 22:16:15,440 WARN  [org.ela.cli.RestClient] (Hibernate Search - default backend - Transport thread - 1) request [POST http://localhost:9200/_bulk] returned 1 warnings: [299 Elasticsearch-7.13.2-4d960a0733be83dd2543ca018aa4ddc42e956800 "Elasticsearch built-in security features are not enabled. Without authentication, your cluster could be accessible to anyone. See https://www.elastic.co/guide/en/elasticsearch/reference/7.13/security-minimal-setup.html to enable security."]
2021-06-22 22:16:15,448 WARN  [org.ela.cli.RestClient] (Hibernate Search - default backend - Transport thread - 8) request [POST http://localhost:9200/_bulk] returned 1 warnings: [299 Elasticsearch-7.13.2-4d960a0733be83dd2543ca018aa4ddc42e956800 "Elasticsearch built-in security features are not enabled. Without authentication, your cluster could be accessible to anyone. See https://www.elastic.co/guide/en/elasticsearch/reference/7.13/security-minimal-setup.html to enable security."]
2021-06-22 22:16:15,448 WARN  [org.ela.cli.RestClient] (Hibernate Search - default backend - Transport thread - 2) request [POST http://localhost:9200/_bulk] returned 1 warnings: [299 Elasticsearch-7.13.2-4d960a0733be83dd2543ca018aa4ddc42e956800 "Elasticsearch built-in security features are not enabled. Without authentication, your cluster could be accessible to anyone. See https://www.elastic.co/guide/en/elasticsearch/reference/7.13/security-minimal-setup.html to enable security."]
2021-06-22 22:16:15,448 WARN  [org.ela.cli.RestClient] (Hibernate Search - default backend - Transport thread - 6) request [POST http://localhost:9200/_bulk] returned 1 warnings: [299 Elasticsearch-7.13.2-4d960a0733be83dd2543ca018aa4ddc42e956800 "Elasticsearch built-in security features are not enabled. Without authentication, your cluster could be accessible to anyone. See https://www.elastic.co/guide/en/elasticsearch/reference/7.13/security-minimal-setup.html to enable security."]
2021-06-22 22:16:15,450 WARN  [org.ela.cli.RestClient] (Hibernate Search - default backend - Transport thread - 7) request [POST http://localhost:9200/_bulk] returned 1 warnings: [299 Elasticsearch-7.13.2-4d960a0733be83dd2543ca018aa4ddc42e956800 "Elasticsearch built-in security features are not enabled. Without authentication, your cluster could be accessible to anyone. See https://www.elastic.co/guide/en/elasticsearch/reference/7.13/security-minimal-setup.html to enable security."]
2021-06-22 22:16:15,450 WARN  [org.ela.cli.RestClient] (Hibernate Search - default backend - Transport thread - 3) request [POST http://localhost:9200/_bulk] returned 1 warnings: [299 Elasticsearch-7.13.2-4d960a0733be83dd2543ca018aa4ddc42e956800 "Elasticsearch built-in security features are not enabled. Without authentication, your cluster could be accessible to anyone. See https://www.elastic.co/guide/en/elasticsearch/reference/7.13/security-minimal-setup.html to enable security."]
2021-06-22 22:16:15,453 WARN  [org.ela.cli.RestClient] (Hibernate Search - default backend - Transport thread - 4) request [POST http://localhost:9200/_bulk] returned 1 warnings: [299 Elasticsearch-7.13.2-4d960a0733be83dd2543ca018aa4ddc42e956800 "Elasticsearch built-in security features are not enabled. Without authentication, your cluster could be accessible to anyone. See https://www.elastic.co/guide/en/elasticsearch/reference/7.13/security-minimal-setup.html to enable security."]
2021-06-22 22:16:15,463 WARN  [org.ela.cli.RestClient] (Hibernate Search - default backend - Transport thread - 2) request [POST http://localhost:9200/_bulk] returned 1 warnings: [299 Elasticsearch-7.13.2-4d960a0733be83dd2543ca018aa4ddc42e956800 "Elasticsearch built-in security features are not enabled. Without authentication, your cluster could be accessible to anyone. See https://www.elastic.co/guide/en/elasticsearch/reference/7.13/security-minimal-setup.html to enable security."]
2021-06-22 22:16:15,472 WARN  [org.ela.cli.RestClient] (Hibernate Search - default backend - Transport thread - 1) request [POST http://localhost:9200/_bulk] returned 1 warnings: [299 Elasticsearch-7.13.2-4d960a0733be83dd2543ca018aa4ddc42e956800 "Elasticsearch built-in security features are not enabled. Without authentication, your cluster could be accessible to anyone. See https://www.elastic.co/guide/en/elasticsearch/reference/7.13/security-minimal-setup.html to enable security."]
2021-06-22 22:16:15,472 WARN  [org.ela.cli.RestClient] (Hibernate Search - default backend - Transport thread - 8) request [POST http://localhost:9200/_bulk] returned 1 warnings: [299 Elasticsearch-7.13.2-4d960a0733be83dd2543ca018aa4ddc42e956800 "Elasticsearch built-in security features are not enabled. Without authentication, your cluster could be accessible to anyone. See https://www.elastic.co/guide/en/elasticsearch/reference/7.13/security-minimal-setup.html to enable security."]
2021-06-22 22:16:15,472 WARN  [org.ela.cli.RestClient] (Hibernate Search - default backend - Transport thread - 1) request [POST http://localhost:9200/_bulk] returned 1 warnings: [299 Elasticsearch-7.13.2-4d960a0733be83dd2543ca018aa4ddc42e956800 "Elasticsearch built-in security features are not enabled. Without authentication, your cluster could be accessible to anyone. See https://www.elastic.co/guide/en/elasticsearch/reference/7.13/security-minimal-setup.html to enable security."]
2021-06-22 22:16:15,472 WARN  [org.ela.cli.RestClient] (Hibernate Search - default backend - Transport thread - 4) request [POST http://localhost:9200/_bulk] returned 1 warnings: [299 Elasticsearch-7.13.2-4d960a0733be83dd2543ca018aa4ddc42e956800 "Elasticsearch built-in security features are not enabled. Without authentication, your cluster could be accessible to anyone. See https://www.elastic.co/guide/en/elasticsearch/reference/7.13/security-minimal-setup.html to enable security."]
2021-06-22 22:16:15,472 WARN  [org.ela.cli.RestClient] (Hibernate Search - default backend - Transport thread - 3) request [POST http://localhost:9200/_bulk] returned 1 warnings: [299 Elasticsearch-7.13.2-4d960a0733be83dd2543ca018aa4ddc42e956800 "Elasticsearch built-in security features are not enabled. Without authentication, your cluster could be accessible to anyone. See https://www.elastic.co/guide/en/elasticsearch/reference/7.13/security-minimal-setup.html to enable security."]
2021-06-22 22:16:15,479 WARN  [org.ela.cli.RestClient] (Hibernate Search - default backend - Transport thread - 7) request [POST http://localhost:9200/_bulk] returned 1 warnings: [299 Elasticsearch-7.13.2-4d960a0733be83dd2543ca018aa4ddc42e956800 "Elasticsearch built-in security features are not enabled. Without authentication, your cluster could be accessible to anyone. See https://www.elastic.co/guide/en/elasticsearch/reference/7.13/security-minimal-setup.html to enable security."]
2021-06-22 22:16:15,481 WARN  [org.ela.cli.RestClient] (Hibernate Search - default backend - Transport thread - 2) request [POST http://localhost:9200/_bulk] returned 1 warnings: [299 Elasticsearch-7.13.2-4d960a0733be83dd2543ca018aa4ddc42e956800 "Elasticsearch built-in security features are not enabled. Without authentication, your cluster could be accessible to anyone. See https://www.elastic.co/guide/en/elasticsearch/reference/7.13/security-minimal-setup.html to enable security."]
2021-06-22 22:16:15,482 WARN  [org.ela.cli.RestClient] (Hibernate Search - default backend - Transport thread - 5) request [POST http://localhost:9200/_bulk] returned 1 warnings: [299 Elasticsearch-7.13.2-4d960a0733be83dd2543ca018aa4ddc42e956800 "Elasticsearch built-in security features are not enabled. Without authentication, your cluster could be accessible to anyone. See https://www.elastic.co/guide/en/elasticsearch/reference/7.13/security-minimal-setup.html to enable security."]
2021-06-22 22:16:15,482 WARN  [org.ela.cli.RestClient] (Hibernate Search - default backend - Transport thread - 6) request [POST http://localhost:9200/_bulk] returned 1 warnings: [299 Elasticsearch-7.13.2-4d960a0733be83dd2543ca018aa4ddc42e956800 "Elasticsearch built-in security features are not enabled. Without authentication, your cluster could be accessible to anyone. See https://www.elastic.co/guide/en/elasticsearch/reference/7.13/security-minimal-setup.html to enable security."]
2021-06-22 22:16:15,482 WARN  [org.ela.cli.RestClient] (Hibernate Search - default backend - Transport thread - 2) request [POST http://localhost:9200/_bulk] returned 1 warnings: [299 Elasticsearch-7.13.2-4d960a0733be83dd2543ca018aa4ddc42e956800 "Elasticsearch built-in security features are not enabled. Without authentication, your cluster could be accessible to anyone. See https://www.elastic.co/guide/en/elasticsearch/reference/7.13/security-minimal-setup.html to enable security."]
2021-06-22 22:16:15,514 WARN  [org.ela.cli.RestClient] (Hibernate Search - default backend - Transport thread - 6) request [POST http://localhost:9200/_bulk] returned 1 warnings: [299 Elasticsearch-7.13.2-4d960a0733be83dd2543ca018aa4ddc42e956800 "Elasticsearch built-in security features are not enabled. Without authentication, your cluster could be accessible to anyone. See https://www.elastic.co/guide/en/elasticsearch/reference/7.13/security-minimal-setup.html to enable security."]
2021-06-22 22:16:15,517 WARN  [org.ela.cli.RestClient] (Hibernate Search - default backend - Transport thread - 7) request [POST http://localhost:9200/_bulk] returned 1 warnings: [299 Elasticsearch-7.13.2-4d960a0733be83dd2543ca018aa4ddc42e956800 "Elasticsearch built-in security features are not enabled. Without authentication, your cluster could be accessible to anyone. See https://www.elastic.co/guide/en/elasticsearch/reference/7.13/security-minimal-setup.html to enable security."]
2021-06-22 22:16:15,518 WARN  [org.ela.cli.RestClient] (Hibernate Search - default backend - Transport thread - 1) request [POST http://localhost:9200/_bulk] returned 1 warnings: [299 Elasticsearch-7.13.2-4d960a0733be83dd2543ca018aa4ddc42e956800 "Elasticsearch built-in security features are not enabled. Without authentication, your cluster could be accessible to anyone. See https://www.elastic.co/guide/en/elasticsearch/reference/7.13/security-minimal-setup.html to enable security."]
2021-06-22 22:16:15,518 WARN  [org.ela.cli.RestClient] (Hibernate Search - default backend - Transport thread - 2) request [POST http://localhost:9200/_bulk] returned 1 warnings: [299 Elasticsearch-7.13.2-4d960a0733be83dd2543ca018aa4ddc42e956800 "Elasticsearch built-in security features are not enabled. Without authentication, your cluster could be accessible to anyone. See https://www.elastic.co/guide/en/elasticsearch/reference/7.13/security-minimal-setup.html to enable security."]
2021-06-22 22:16:15,518 WARN  [org.ela.cli.RestClient] (Hibernate Search - default backend - Transport thread - 1) request [POST http://localhost:9200/_bulk] returned 1 warnings: [299 Elasticsearch-7.13.2-4d960a0733be83dd2543ca018aa4ddc42e956800 "Elasticsearch built-in security features are not enabled. Without authentication, your cluster could be accessible to anyone. See https://www.elastic.co/guide/en/elasticsearch/reference/7.13/security-minimal-setup.html to enable security."]
2021-06-22 22:16:15,518 WARN  [org.ela.cli.RestClient] (Hibernate Search - default backend - Transport thread - 2) request [POST http://localhost:9200/_bulk] returned 1 warnings: [299 Elasticsearch-7.13.2-4d960a0733be83dd2543ca018aa4ddc42e956800 "Elasticsearch built-in security features are not enabled. Without authentication, your cluster could be accessible to anyone. See https://www.elastic.co/guide/en/elasticsearch/reference/7.13/security-minimal-setup.html to enable security."]
2021-06-22 22:16:15,518 WARN  [org.ela.cli.RestClient] (Hibernate Search - default backend - Transport thread - 4) request [POST http://localhost:9200/_bulk] returned 1 warnings: [299 Elasticsearch-7.13.2-4d960a0733be83dd2543ca018aa4ddc42e956800 "Elasticsearch built-in security features are not enabled. Without authentication, your cluster could be accessible to anyone. See https://www.elastic.co/guide/en/elasticsearch/reference/7.13/security-minimal-setup.html to enable security."]
2021-06-22 22:16:15,518 WARN  [org.ela.cli.RestClient] (Hibernate Search - default backend - Transport thread - 5) request [POST http://localhost:9200/_bulk] returned 1 warnings: [299 Elasticsearch-7.13.2-4d960a0733be83dd2543ca018aa4ddc42e956800 "Elasticsearch built-in security features are not enabled. Without authentication, your cluster could be accessible to anyone. See https://www.elastic.co/guide/en/elasticsearch/reference/7.13/security-minimal-setup.html to enable security."]
2021-06-22 22:16:15,518 WARN  [org.ela.cli.RestClient] (Hibernate Search - default backend - Transport thread - 8) request [POST http://localhost:9200/_bulk] returned 1 warnings: [299 Elasticsearch-7.13.2-4d960a0733be83dd2543ca018aa4ddc42e956800 "Elasticsearch built-in security features are not enabled. Without authentication, your cluster could be accessible to anyone. See https://www.elastic.co/guide/en/elasticsearch/reference/7.13/security-minimal-setup.html to enable security."]
2021-06-22 22:16:15,522 WARN  [org.ela.cli.RestClient] (Hibernate Search - default backend - Transport thread - 3) request [POST http://localhost:9200/_bulk] returned 1 warnings: [299 Elasticsearch-7.13.2-4d960a0733be83dd2543ca018aa4ddc42e956800 "Elasticsearch built-in security features are not enabled. Without authentication, your cluster could be accessible to anyone. See https://www.elastic.co/guide/en/elasticsearch/reference/7.13/security-minimal-setup.html to enable security."]
2021-06-22 22:16:15,523 INFO  [org.hib.sea.map.orm.mas.imp.LoggingMassIndexingMonitor] (Hibernate Search - Mass indexing - Book - Entity loading - 3) HSEARCH000030: Mass indexing progress: indexed 100 entities in 230 ms.
2021-06-22 22:16:15,524 INFO  [org.hib.sea.map.orm.mas.imp.LoggingMassIndexingMonitor] (Hibernate Search - Mass indexing - Book - Entity loading - 3) HSEARCH000031: Mass indexing progress: 43.29% [434.782623 documents/second].
2021-06-22 22:16:15,540 WARN  [org.ela.cli.RestClient] (Hibernate Search - default backend - Transport thread - 3) request [POST http://localhost:9200/_bulk] returned 1 warnings: [299 Elasticsearch-7.13.2-4d960a0733be83dd2543ca018aa4ddc42e956800 "Elasticsearch built-in security features are not enabled. Without authentication, your cluster could be accessible to anyone. See https://www.elastic.co/guide/en/elasticsearch/reference/7.13/security-minimal-setup.html to enable security."]
2021-06-22 22:16:15,550 WARN  [org.ela.cli.RestClient] (Hibernate Search - default backend - Transport thread - 8) request [POST http://localhost:9200/_bulk] returned 1 warnings: [299 Elasticsearch-7.13.2-4d960a0733be83dd2543ca018aa4ddc42e956800 "Elasticsearch built-in security features are not enabled. Without authentication, your cluster could be accessible to anyone. See https://www.elastic.co/guide/en/elasticsearch/reference/7.13/security-minimal-setup.html to enable security."]
2021-06-22 22:16:15,550 WARN  [org.ela.cli.RestClient] (Hibernate Search - default backend - Transport thread - 4) request [POST http://localhost:9200/_bulk] returned 1 warnings: [299 Elasticsearch-7.13.2-4d960a0733be83dd2543ca018aa4ddc42e956800 "Elasticsearch built-in security features are not enabled. Without authentication, your cluster could be accessible to anyone. See https://www.elastic.co/guide/en/elasticsearch/reference/7.13/security-minimal-setup.html to enable security."]
2021-06-22 22:16:15,550 WARN  [org.ela.cli.RestClient] (Hibernate Search - default backend - Transport thread - 2) request [POST http://localhost:9200/_bulk] returned 1 warnings: [299 Elasticsearch-7.13.2-4d960a0733be83dd2543ca018aa4ddc42e956800 "Elasticsearch built-in security features are not enabled. Without authentication, your cluster could be accessible to anyone. See https://www.elastic.co/guide/en/elasticsearch/reference/7.13/security-minimal-setup.html to enable security."]
2021-06-22 22:16:15,550 WARN  [org.ela.cli.RestClient] (Hibernate Search - default backend - Transport thread - 5) request [POST http://localhost:9200/_bulk] returned 1 warnings: [299 Elasticsearch-7.13.2-4d960a0733be83dd2543ca018aa4ddc42e956800 "Elasticsearch built-in security features are not enabled. Without authentication, your cluster could be accessible to anyone. See https://www.elastic.co/guide/en/elasticsearch/reference/7.13/security-minimal-setup.html to enable security."]
2021-06-22 22:16:15,550 WARN  [org.ela.cli.RestClient] (Hibernate Search - default backend - Transport thread - 1) request [POST http://localhost:9200/_bulk] returned 1 warnings: [299 Elasticsearch-7.13.2-4d960a0733be83dd2543ca018aa4ddc42e956800 "Elasticsearch built-in security features are not enabled. Without authentication, your cluster could be accessible to anyone. See https://www.elastic.co/guide/en/elasticsearch/reference/7.13/security-minimal-setup.html to enable security."]
2021-06-22 22:16:15,550 WARN  [org.ela.cli.RestClient] (Hibernate Search - default backend - Transport thread - 7) request [POST http://localhost:9200/_bulk] returned 1 warnings: [299 Elasticsearch-7.13.2-4d960a0733be83dd2543ca018aa4ddc42e956800 "Elasticsearch built-in security features are not enabled. Without authentication, your cluster could be accessible to anyone. See https://www.elastic.co/guide/en/elasticsearch/reference/7.13/security-minimal-setup.html to enable security."]
2021-06-22 22:16:15,550 WARN  [org.ela.cli.RestClient] (Hibernate Search - default backend - Transport thread - 6) request [POST http://localhost:9200/_bulk] returned 1 warnings: [299 Elasticsearch-7.13.2-4d960a0733be83dd2543ca018aa4ddc42e956800 "Elasticsearch built-in security features are not enabled. Without authentication, your cluster could be accessible to anyone. See https://www.elastic.co/guide/en/elasticsearch/reference/7.13/security-minimal-setup.html to enable security."]
2021-06-22 22:16:15,568 WARN  [org.ela.cli.RestClient] (Hibernate Search - default backend - Transport thread - 2) request [POST http://localhost:9200/_bulk] returned 1 warnings: [299 Elasticsearch-7.13.2-4d960a0733be83dd2543ca018aa4ddc42e956800 "Elasticsearch built-in security features are not enabled. Without authentication, your cluster could be accessible to anyone. See https://www.elastic.co/guide/en/elasticsearch/reference/7.13/security-minimal-setup.html to enable security."]
2021-06-22 22:16:15,568 WARN  [org.ela.cli.RestClient] (Hibernate Search - default backend - Transport thread - 1) request [POST http://localhost:9200/_bulk] returned 1 warnings: [299 Elasticsearch-7.13.2-4d960a0733be83dd2543ca018aa4ddc42e956800 "Elasticsearch built-in security features are not enabled. Without authentication, your cluster could be accessible to anyone. See https://www.elastic.co/guide/en/elasticsearch/reference/7.13/security-minimal-setup.html to enable security."]
2021-06-22 22:16:15,607 WARN  [org.ela.cli.RestClient] (Hibernate Search - default backend - Transport thread - 1) request [POST http://localhost:9200/_bulk] returned 1 warnings: [299 Elasticsearch-7.13.2-4d960a0733be83dd2543ca018aa4ddc42e956800 "Elasticsearch built-in security features are not enabled. Without authentication, your cluster could be accessible to anyone. See https://www.elastic.co/guide/en/elasticsearch/reference/7.13/security-minimal-setup.html to enable security."]
2021-06-22 22:16:15,616 WARN  [org.ela.cli.RestClient] (Hibernate Search - default backend - Transport thread - 2) request [POST http://localhost:9200/_bulk] returned 1 warnings: [299 Elasticsearch-7.13.2-4d960a0733be83dd2543ca018aa4ddc42e956800 "Elasticsearch built-in security features are not enabled. Without authentication, your cluster could be accessible to anyone. See https://www.elastic.co/guide/en/elasticsearch/reference/7.13/security-minimal-setup.html to enable security."]
2021-06-22 22:16:15,620 WARN  [org.ela.cli.RestClient] (Hibernate Search - default backend - Transport thread - 8) request [POST http://localhost:9200/_bulk] returned 1 warnings: [299 Elasticsearch-7.13.2-4d960a0733be83dd2543ca018aa4ddc42e956800 "Elasticsearch built-in security features are not enabled. Without authentication, your cluster could be accessible to anyone. See https://www.elastic.co/guide/en/elasticsearch/reference/7.13/security-minimal-setup.html to enable security."]
2021-06-22 22:16:15,626 WARN  [org.ela.cli.RestClient] (Hibernate Search - default backend - Transport thread - 1) request [POST http://localhost:9200/_bulk] returned 1 warnings: [299 Elasticsearch-7.13.2-4d960a0733be83dd2543ca018aa4ddc42e956800 "Elasticsearch built-in security features are not enabled. Without authentication, your cluster could be accessible to anyone. See https://www.elastic.co/guide/en/elasticsearch/reference/7.13/security-minimal-setup.html to enable security."]
2021-06-22 22:16:15,637 WARN  [org.ela.cli.RestClient] (Hibernate Search - default backend - Transport thread - 2) request [POST http://localhost:9200/_bulk] returned 1 warnings: [299 Elasticsearch-7.13.2-4d960a0733be83dd2543ca018aa4ddc42e956800 "Elasticsearch built-in security features are not enabled. Without authentication, your cluster could be accessible to anyone. See https://www.elastic.co/guide/en/elasticsearch/reference/7.13/security-minimal-setup.html to enable security."]
2021-06-22 22:16:15,687 WARN  [org.ela.cli.RestClient] (Hibernate Search - default backend - Transport thread - 1) request [POST http://localhost:9200/_bulk] returned 1 warnings: [299 Elasticsearch-7.13.2-4d960a0733be83dd2543ca018aa4ddc42e956800 "Elasticsearch built-in security features are not enabled. Without authentication, your cluster could be accessible to anyone. See https://www.elastic.co/guide/en/elasticsearch/reference/7.13/security-minimal-setup.html to enable security."]
2021-06-22 22:16:15,691 WARN  [org.ela.cli.RestClient] (Hibernate Search - default backend - Transport thread - 2) request [POST http://localhost:9200/_bulk] returned 1 warnings: [299 Elasticsearch-7.13.2-4d960a0733be83dd2543ca018aa4ddc42e956800 "Elasticsearch built-in security features are not enabled. Without authentication, your cluster could be accessible to anyone. See https://www.elastic.co/guide/en/elasticsearch/reference/7.13/security-minimal-setup.html to enable security."]
2021-06-22 22:16:15,753 WARN  [org.ela.cli.RestClient] (Hibernate Search - default backend - Transport thread - 5) request [POST http://localhost:9200/_bulk] returned 1 warnings: [299 Elasticsearch-7.13.2-4d960a0733be83dd2543ca018aa4ddc42e956800 "Elasticsearch built-in security features are not enabled. Without authentication, your cluster could be accessible to anyone. See https://www.elastic.co/guide/en/elasticsearch/reference/7.13/security-minimal-setup.html to enable security."]
2021-06-22 22:16:15,758 WARN  [org.ela.cli.RestClient] (Hibernate Search - default backend - Transport thread - 7) request [POST http://localhost:9200/_bulk] returned 1 warnings: [299 Elasticsearch-7.13.2-4d960a0733be83dd2543ca018aa4ddc42e956800 "Elasticsearch built-in security features are not enabled. Without authentication, your cluster could be accessible to anyone. See https://www.elastic.co/guide/en/elasticsearch/reference/7.13/security-minimal-setup.html to enable security."]
2021-06-22 22:16:15,758 WARN  [org.ela.cli.RestClient] (Hibernate Search - default backend - Transport thread - 2) request [POST http://localhost:9200/_bulk] returned 1 warnings: [299 Elasticsearch-7.13.2-4d960a0733be83dd2543ca018aa4ddc42e956800 "Elasticsearch built-in security features are not enabled. Without authentication, your cluster could be accessible to anyone. See https://www.elastic.co/guide/en/elasticsearch/reference/7.13/security-minimal-setup.html to enable security."]
2021-06-22 22:16:15,758 WARN  [org.ela.cli.RestClient] (Hibernate Search - default backend - Transport thread - 1) request [POST http://localhost:9200/_bulk] returned 1 warnings: [299 Elasticsearch-7.13.2-4d960a0733be83dd2543ca018aa4ddc42e956800 "Elasticsearch built-in security features are not enabled. Without authentication, your cluster could be accessible to anyone. See https://www.elastic.co/guide/en/elasticsearch/reference/7.13/security-minimal-setup.html to enable security."]
2021-06-22 22:16:15,766 WARN  [org.ela.cli.RestClient] (Hibernate Search - default backend - Transport thread - 2) request [POST http://localhost:9200/_bulk] returned 1 warnings: [299 Elasticsearch-7.13.2-4d960a0733be83dd2543ca018aa4ddc42e956800 "Elasticsearch built-in security features are not enabled. Without authentication, your cluster could be accessible to anyone. See https://www.elastic.co/guide/en/elasticsearch/reference/7.13/security-minimal-setup.html to enable security."]
2021-06-22 22:16:15,766 WARN  [org.ela.cli.RestClient] (Hibernate Search - default backend - Transport thread - 1) request [POST http://localhost:9200/_bulk] returned 1 warnings: [299 Elasticsearch-7.13.2-4d960a0733be83dd2543ca018aa4ddc42e956800 "Elasticsearch built-in security features are not enabled. Without authentication, your cluster could be accessible to anyone. See https://www.elastic.co/guide/en/elasticsearch/reference/7.13/security-minimal-setup.html to enable security."]
2021-06-22 22:16:15,774 WARN  [org.ela.cli.RestClient] (Hibernate Search - default backend - Transport thread - 8) request [POST http://localhost:9200/_bulk] returned 1 warnings: [299 Elasticsearch-7.13.2-4d960a0733be83dd2543ca018aa4ddc42e956800 "Elasticsearch built-in security features are not enabled. Without authentication, your cluster could be accessible to anyone. See https://www.elastic.co/guide/en/elasticsearch/reference/7.13/security-minimal-setup.html to enable security."]
2021-06-22 22:16:15,774 WARN  [org.ela.cli.RestClient] (Hibernate Search - default backend - Transport thread - 2) request [POST http://localhost:9200/_bulk] returned 1 warnings: [299 Elasticsearch-7.13.2-4d960a0733be83dd2543ca018aa4ddc42e956800 "Elasticsearch built-in security features are not enabled. Without authentication, your cluster could be accessible to anyone. See https://www.elastic.co/guide/en/elasticsearch/reference/7.13/security-minimal-setup.html to enable security."]
2021-06-22 22:16:15,774 WARN  [org.ela.cli.RestClient] (Hibernate Search - default backend - Transport thread - 1) request [POST http://localhost:9200/_bulk] returned 1 warnings: [299 Elasticsearch-7.13.2-4d960a0733be83dd2543ca018aa4ddc42e956800 "Elasticsearch built-in security features are not enabled. Without authentication, your cluster could be accessible to anyone. See https://www.elastic.co/guide/en/elasticsearch/reference/7.13/security-minimal-setup.html to enable security."]
2021-06-22 22:16:15,787 WARN  [org.ela.cli.RestClient] (Hibernate Search - default backend - Transport thread - 2) request [POST http://localhost:9200/_bulk] returned 1 warnings: [299 Elasticsearch-7.13.2-4d960a0733be83dd2543ca018aa4ddc42e956800 "Elasticsearch built-in security features are not enabled. Without authentication, your cluster could be accessible to anyone. See https://www.elastic.co/guide/en/elasticsearch/reference/7.13/security-minimal-setup.html to enable security."]
2021-06-22 22:16:15,792 WARN  [org.ela.cli.RestClient] (Hibernate Search - default backend - Transport thread - 3) request [POST http://localhost:9200/_bulk] returned 1 warnings: [299 Elasticsearch-7.13.2-4d960a0733be83dd2543ca018aa4ddc42e956800 "Elasticsearch built-in security features are not enabled. Without authentication, your cluster could be accessible to anyone. See https://www.elastic.co/guide/en/elasticsearch/reference/7.13/security-minimal-setup.html to enable security."]
2021-06-22 22:16:15,794 WARN  [org.ela.cli.RestClient] (Hibernate Search - default backend - Transport thread - 4) request [POST http://localhost:9200/_bulk] returned 1 warnings: [299 Elasticsearch-7.13.2-4d960a0733be83dd2543ca018aa4ddc42e956800 "Elasticsearch built-in security features are not enabled. Without authentication, your cluster could be accessible to anyone. See https://www.elastic.co/guide/en/elasticsearch/reference/7.13/security-minimal-setup.html to enable security."]
2021-06-22 22:16:15,815 WARN  [org.ela.cli.RestClient] (Hibernate Search - default backend - Transport thread - 5) request [POST http://localhost:9200/_bulk] returned 1 warnings: [299 Elasticsearch-7.13.2-4d960a0733be83dd2543ca018aa4ddc42e956800 "Elasticsearch built-in security features are not enabled. Without authentication, your cluster could be accessible to anyone. See https://www.elastic.co/guide/en/elasticsearch/reference/7.13/security-minimal-setup.html to enable security."]
2021-06-22 22:16:15,826 WARN  [org.ela.cli.RestClient] (Hibernate Search - default backend - Transport thread - 6) request [POST http://localhost:9200/_bulk] returned 1 warnings: [299 Elasticsearch-7.13.2-4d960a0733be83dd2543ca018aa4ddc42e956800 "Elasticsearch built-in security features are not enabled. Without authentication, your cluster could be accessible to anyone. See https://www.elastic.co/guide/en/elasticsearch/reference/7.13/security-minimal-setup.html to enable security."]
2021-06-22 22:16:15,826 WARN  [org.ela.cli.RestClient] (Hibernate Search - default backend - Transport thread - 4) request [POST http://localhost:9200/_bulk] returned 1 warnings: [299 Elasticsearch-7.13.2-4d960a0733be83dd2543ca018aa4ddc42e956800 "Elasticsearch built-in security features are not enabled. Without authentication, your cluster could be accessible to anyone. See https://www.elastic.co/guide/en/elasticsearch/reference/7.13/security-minimal-setup.html to enable security."]
2021-06-22 22:16:15,826 WARN  [org.ela.cli.RestClient] (Hibernate Search - default backend - Transport thread - 3) request [POST http://localhost:9200/_bulk] returned 1 warnings: [299 Elasticsearch-7.13.2-4d960a0733be83dd2543ca018aa4ddc42e956800 "Elasticsearch built-in security features are not enabled. Without authentication, your cluster could be accessible to anyone. See https://www.elastic.co/guide/en/elasticsearch/reference/7.13/security-minimal-setup.html to enable security."]
2021-06-22 22:16:15,834 WARN  [org.ela.cli.RestClient] (Hibernate Search - default backend - Transport thread - 2) request [POST http://localhost:9200/_bulk] returned 1 warnings: [299 Elasticsearch-7.13.2-4d960a0733be83dd2543ca018aa4ddc42e956800 "Elasticsearch built-in security features are not enabled. Without authentication, your cluster could be accessible to anyone. See https://www.elastic.co/guide/en/elasticsearch/reference/7.13/security-minimal-setup.html to enable security."]
2021-06-22 22:16:15,834 WARN  [org.ela.cli.RestClient] (Hibernate Search - default backend - Transport thread - 1) request [POST http://localhost:9200/_bulk] returned 1 warnings: [299 Elasticsearch-7.13.2-4d960a0733be83dd2543ca018aa4ddc42e956800 "Elasticsearch built-in security features are not enabled. Without authentication, your cluster could be accessible to anyone. See https://www.elastic.co/guide/en/elasticsearch/reference/7.13/security-minimal-setup.html to enable security."]
2021-06-22 22:16:15,834 WARN  [org.ela.cli.RestClient] (Hibernate Search - default backend - Transport thread - 7) request [POST http://localhost:9200/_bulk] returned 1 warnings: [299 Elasticsearch-7.13.2-4d960a0733be83dd2543ca018aa4ddc42e956800 "Elasticsearch built-in security features are not enabled. Without authentication, your cluster could be accessible to anyone. See https://www.elastic.co/guide/en/elasticsearch/reference/7.13/security-minimal-setup.html to enable security."]
2021-06-22 22:16:15,835 WARN  [org.ela.cli.RestClient] (Hibernate Search - default backend - Transport thread - 2) request [POST http://localhost:9200/_bulk] returned 1 warnings: [299 Elasticsearch-7.13.2-4d960a0733be83dd2543ca018aa4ddc42e956800 "Elasticsearch built-in security features are not enabled. Without authentication, your cluster could be accessible to anyone. See https://www.elastic.co/guide/en/elasticsearch/reference/7.13/security-minimal-setup.html to enable security."]
2021-06-22 22:16:15,835 WARN  [org.ela.cli.RestClient] (Hibernate Search - default backend - Transport thread - 1) request [POST http://localhost:9200/_bulk] returned 1 warnings: [299 Elasticsearch-7.13.2-4d960a0733be83dd2543ca018aa4ddc42e956800 "Elasticsearch built-in security features are not enabled. Without authentication, your cluster could be accessible to anyone. See https://www.elastic.co/guide/en/elasticsearch/reference/7.13/security-minimal-setup.html to enable security."]
2021-06-22 22:16:15,836 WARN  [org.ela.cli.RestClient] (Hibernate Search - default backend - Transport thread - 8) request [POST http://localhost:9200/_bulk] returned 1 warnings: [299 Elasticsearch-7.13.2-4d960a0733be83dd2543ca018aa4ddc42e956800 "Elasticsearch built-in security features are not enabled. Without authentication, your cluster could be accessible to anyone. See https://www.elastic.co/guide/en/elasticsearch/reference/7.13/security-minimal-setup.html to enable security."]
2021-06-22 22:16:15,837 WARN  [org.ela.cli.RestClient] (Hibernate Search - default backend - Transport thread - 5) request [POST http://localhost:9200/_bulk] returned 1 warnings: [299 Elasticsearch-7.13.2-4d960a0733be83dd2543ca018aa4ddc42e956800 "Elasticsearch built-in security features are not enabled. Without authentication, your cluster could be accessible to anyone. See https://www.elastic.co/guide/en/elasticsearch/reference/7.13/security-minimal-setup.html to enable security."]
2021-06-22 22:16:15,838 WARN  [org.ela.cli.RestClient] (Hibernate Search - default backend - Transport thread - 6) request [POST http://localhost:9200/_bulk] returned 1 warnings: [299 Elasticsearch-7.13.2-4d960a0733be83dd2543ca018aa4ddc42e956800 "Elasticsearch built-in security features are not enabled. Without authentication, your cluster could be accessible to anyone. See https://www.elastic.co/guide/en/elasticsearch/reference/7.13/security-minimal-setup.html to enable security."]
2021-06-22 22:16:15,838 WARN  [org.ela.cli.RestClient] (Hibernate Search - default backend - Transport thread - 3) request [POST http://localhost:9200/_bulk] returned 1 warnings: [299 Elasticsearch-7.13.2-4d960a0733be83dd2543ca018aa4ddc42e956800 "Elasticsearch built-in security features are not enabled. Without authentication, your cluster could be accessible to anyone. See https://www.elastic.co/guide/en/elasticsearch/reference/7.13/security-minimal-setup.html to enable security."]
2021-06-22 22:16:15,838 WARN  [org.ela.cli.RestClient] (Hibernate Search - default backend - Transport thread - 4) request [POST http://localhost:9200/_bulk] returned 1 warnings: [299 Elasticsearch-7.13.2-4d960a0733be83dd2543ca018aa4ddc42e956800 "Elasticsearch built-in security features are not enabled. Without authentication, your cluster could be accessible to anyone. See https://www.elastic.co/guide/en/elasticsearch/reference/7.13/security-minimal-setup.html to enable security."]
2021-06-22 22:16:15,838 INFO  [org.hib.sea.map.orm.mas.imp.LoggingMassIndexingMonitor] (Hibernate Search - Mass indexing - Book - Entity loading - 0) HSEARCH000030: Mass indexing progress: indexed 150 entities in 549 ms.
2021-06-22 22:16:15,845 INFO  [org.hib.sea.map.orm.mas.imp.LoggingMassIndexingMonitor] (Hibernate Search - Mass indexing - Book - Entity loading - 0) HSEARCH000031: Mass indexing progress: 64.94% [273.224030 documents/second].
2021-06-22 22:16:15,872 WARN  [org.ela.cli.RestClient] (Hibernate Search - default backend - Transport thread - 4) request [POST http://localhost:9200/_bulk] returned 1 warnings: [299 Elasticsearch-7.13.2-4d960a0733be83dd2543ca018aa4ddc42e956800 "Elasticsearch built-in security features are not enabled. Without authentication, your cluster could be accessible to anyone. See https://www.elastic.co/guide/en/elasticsearch/reference/7.13/security-minimal-setup.html to enable security."]
2021-06-22 22:16:15,879 WARN  [org.ela.cli.RestClient] (Hibernate Search - default backend - Transport thread - 8) request [POST http://localhost:9200/_bulk] returned 1 warnings: [299 Elasticsearch-7.13.2-4d960a0733be83dd2543ca018aa4ddc42e956800 "Elasticsearch built-in security features are not enabled. Without authentication, your cluster could be accessible to anyone. See https://www.elastic.co/guide/en/elasticsearch/reference/7.13/security-minimal-setup.html to enable security."]
2021-06-22 22:16:15,879 WARN  [org.ela.cli.RestClient] (Hibernate Search - default backend - Transport thread - 1) request [POST http://localhost:9200/_bulk] returned 1 warnings: [299 Elasticsearch-7.13.2-4d960a0733be83dd2543ca018aa4ddc42e956800 "Elasticsearch built-in security features are not enabled. Without authentication, your cluster could be accessible to anyone. See https://www.elastic.co/guide/en/elasticsearch/reference/7.13/security-minimal-setup.html to enable security."]
2021-06-22 22:16:15,885 WARN  [org.ela.cli.RestClient] (Hibernate Search - default backend - Transport thread - 7) request [POST http://localhost:9200/_bulk] returned 1 warnings: [299 Elasticsearch-7.13.2-4d960a0733be83dd2543ca018aa4ddc42e956800 "Elasticsearch built-in security features are not enabled. Without authentication, your cluster could be accessible to anyone. See https://www.elastic.co/guide/en/elasticsearch/reference/7.13/security-minimal-setup.html to enable security."]
2021-06-22 22:16:15,887 WARN  [org.ela.cli.RestClient] (Hibernate Search - default backend - Transport thread - 1) request [POST http://localhost:9200/_bulk] returned 1 warnings: [299 Elasticsearch-7.13.2-4d960a0733be83dd2543ca018aa4ddc42e956800 "Elasticsearch built-in security features are not enabled. Without authentication, your cluster could be accessible to anyone. See https://www.elastic.co/guide/en/elasticsearch/reference/7.13/security-minimal-setup.html to enable security."]
2021-06-22 22:16:15,887 WARN  [org.ela.cli.RestClient] (Hibernate Search - default backend - Transport thread - 3) request [POST http://localhost:9200/_bulk] returned 1 warnings: [299 Elasticsearch-7.13.2-4d960a0733be83dd2543ca018aa4ddc42e956800 "Elasticsearch built-in security features are not enabled. Without authentication, your cluster could be accessible to anyone. See https://www.elastic.co/guide/en/elasticsearch/reference/7.13/security-minimal-setup.html to enable security."]
2021-06-22 22:16:15,887 WARN  [org.ela.cli.RestClient] (Hibernate Search - default backend - Transport thread - 2) request [POST http://localhost:9200/_bulk] returned 1 warnings: [299 Elasticsearch-7.13.2-4d960a0733be83dd2543ca018aa4ddc42e956800 "Elasticsearch built-in security features are not enabled. Without authentication, your cluster could be accessible to anyone. See https://www.elastic.co/guide/en/elasticsearch/reference/7.13/security-minimal-setup.html to enable security."]
2021-06-22 22:16:15,887 WARN  [org.ela.cli.RestClient] (Hibernate Search - default backend - Transport thread - 6) request [POST http://localhost:9200/_bulk] returned 1 warnings: [299 Elasticsearch-7.13.2-4d960a0733be83dd2543ca018aa4ddc42e956800 "Elasticsearch built-in security features are not enabled. Without authentication, your cluster could be accessible to anyone. See https://www.elastic.co/guide/en/elasticsearch/reference/7.13/security-minimal-setup.html to enable security."]
2021-06-22 22:16:15,887 WARN  [org.ela.cli.RestClient] (Hibernate Search - default backend - Transport thread - 5) request [POST http://localhost:9200/_bulk] returned 1 warnings: [299 Elasticsearch-7.13.2-4d960a0733be83dd2543ca018aa4ddc42e956800 "Elasticsearch built-in security features are not enabled. Without authentication, your cluster could be accessible to anyone. See https://www.elastic.co/guide/en/elasticsearch/reference/7.13/security-minimal-setup.html to enable security."]
2021-06-22 22:16:15,887 WARN  [org.ela.cli.RestClient] (Hibernate Search - default backend - Transport thread - 2) request [POST http://localhost:9200/_bulk] returned 1 warnings: [299 Elasticsearch-7.13.2-4d960a0733be83dd2543ca018aa4ddc42e956800 "Elasticsearch built-in security features are not enabled. Without authentication, your cluster could be accessible to anyone. See https://www.elastic.co/guide/en/elasticsearch/reference/7.13/security-minimal-setup.html to enable security."]
2021-06-22 22:16:15,900 WARN  [org.ela.cli.RestClient] (Hibernate Search - default backend - Transport thread - 4) request [POST http://localhost:9200/_bulk] returned 1 warnings: [299 Elasticsearch-7.13.2-4d960a0733be83dd2543ca018aa4ddc42e956800 "Elasticsearch built-in security features are not enabled. Without authentication, your cluster could be accessible to anyone. See https://www.elastic.co/guide/en/elasticsearch/reference/7.13/security-minimal-setup.html to enable security."]
2021-06-22 22:16:15,900 WARN  [org.ela.cli.RestClient] (Hibernate Search - default backend - Transport thread - 5) request [POST http://localhost:9200/_bulk] returned 1 warnings: [299 Elasticsearch-7.13.2-4d960a0733be83dd2543ca018aa4ddc42e956800 "Elasticsearch built-in security features are not enabled. Without authentication, your cluster could be accessible to anyone. See https://www.elastic.co/guide/en/elasticsearch/reference/7.13/security-minimal-setup.html to enable security."]
2021-06-22 22:16:15,900 WARN  [org.ela.cli.RestClient] (Hibernate Search - default backend - Transport thread - 1) request [POST http://localhost:9200/_bulk] returned 1 warnings: [299 Elasticsearch-7.13.2-4d960a0733be83dd2543ca018aa4ddc42e956800 "Elasticsearch built-in security features are not enabled. Without authentication, your cluster could be accessible to anyone. See https://www.elastic.co/guide/en/elasticsearch/reference/7.13/security-minimal-setup.html to enable security."]
2021-06-22 22:16:15,918 WARN  [org.ela.cli.RestClient] (Hibernate Search - default backend - Transport thread - 3) request [POST http://localhost:9200/_bulk] returned 1 warnings: [299 Elasticsearch-7.13.2-4d960a0733be83dd2543ca018aa4ddc42e956800 "Elasticsearch built-in security features are not enabled. Without authentication, your cluster could be accessible to anyone. See https://www.elastic.co/guide/en/elasticsearch/reference/7.13/security-minimal-setup.html to enable security."]
2021-06-22 22:16:15,919 WARN  [org.ela.cli.RestClient] (Hibernate Search - default backend - Transport thread - 6) request [POST http://localhost:9200/_bulk] returned 1 warnings: [299 Elasticsearch-7.13.2-4d960a0733be83dd2543ca018aa4ddc42e956800 "Elasticsearch built-in security features are not enabled. Without authentication, your cluster could be accessible to anyone. See https://www.elastic.co/guide/en/elasticsearch/reference/7.13/security-minimal-setup.html to enable security."]
2021-06-22 22:16:15,919 WARN  [org.ela.cli.RestClient] (Hibernate Search - default backend - Transport thread - 7) request [POST http://localhost:9200/_bulk] returned 1 warnings: [299 Elasticsearch-7.13.2-4d960a0733be83dd2543ca018aa4ddc42e956800 "Elasticsearch built-in security features are not enabled. Without authentication, your cluster could be accessible to anyone. See https://www.elastic.co/guide/en/elasticsearch/reference/7.13/security-minimal-setup.html to enable security."]
2021-06-22 22:16:15,930 WARN  [org.ela.cli.RestClient] (Hibernate Search - default backend - Transport thread - 4) request [POST http://localhost:9200/_bulk] returned 1 warnings: [299 Elasticsearch-7.13.2-4d960a0733be83dd2543ca018aa4ddc42e956800 "Elasticsearch built-in security features are not enabled. Without authentication, your cluster could be accessible to anyone. See https://www.elastic.co/guide/en/elasticsearch/reference/7.13/security-minimal-setup.html to enable security."]
2021-06-22 22:16:15,930 WARN  [org.ela.cli.RestClient] (Hibernate Search - default backend - Transport thread - 2) request [POST http://localhost:9200/_bulk] returned 1 warnings: [299 Elasticsearch-7.13.2-4d960a0733be83dd2543ca018aa4ddc42e956800 "Elasticsearch built-in security features are not enabled. Without authentication, your cluster could be accessible to anyone. See https://www.elastic.co/guide/en/elasticsearch/reference/7.13/security-minimal-setup.html to enable security."]
2021-06-22 22:16:15,930 WARN  [org.ela.cli.RestClient] (Hibernate Search - default backend - Transport thread - 2) request [POST http://localhost:9200/_bulk] returned 1 warnings: [299 Elasticsearch-7.13.2-4d960a0733be83dd2543ca018aa4ddc42e956800 "Elasticsearch built-in security features are not enabled. Without authentication, your cluster could be accessible to anyone. See https://www.elastic.co/guide/en/elasticsearch/reference/7.13/security-minimal-setup.html to enable security."]
2021-06-22 22:16:15,930 WARN  [org.ela.cli.RestClient] (Hibernate Search - default backend - Transport thread - 1) request [POST http://localhost:9200/_bulk] returned 1 warnings: [299 Elasticsearch-7.13.2-4d960a0733be83dd2543ca018aa4ddc42e956800 "Elasticsearch built-in security features are not enabled. Without authentication, your cluster could be accessible to anyone. See https://www.elastic.co/guide/en/elasticsearch/reference/7.13/security-minimal-setup.html to enable security."]
2021-06-22 22:16:15,930 INFO  [org.hib.sea.map.orm.mas.imp.LoggingMassIndexingMonitor] (Hibernate Search - Mass indexing - Book - Entity loading - 5) HSEARCH000030: Mass indexing progress: indexed 200 entities in 643 ms.
2021-06-22 22:16:15,937 INFO  [org.hib.sea.map.orm.mas.imp.LoggingMassIndexingMonitor] (Hibernate Search - Mass indexing - Book - Entity loading - 5) HSEARCH000031: Mass indexing progress: 86.58% [311.041992 documents/second].
2021-06-22 22:16:15,940 WARN  [org.ela.cli.RestClient] (Hibernate Search - default backend - Transport thread - 7) request [POST http://localhost:9200/_bulk] returned 1 warnings: [299 Elasticsearch-7.13.2-4d960a0733be83dd2543ca018aa4ddc42e956800 "Elasticsearch built-in security features are not enabled. Without authentication, your cluster could be accessible to anyone. See https://www.elastic.co/guide/en/elasticsearch/reference/7.13/security-minimal-setup.html to enable security."]
2021-06-22 22:16:15,987 WARN  [org.ela.cli.RestClient] (Hibernate Search - default backend - Transport thread - 7) request [POST http://localhost:9200/_bulk] returned 1 warnings: [299 Elasticsearch-7.13.2-4d960a0733be83dd2543ca018aa4ddc42e956800 "Elasticsearch built-in security features are not enabled. Without authentication, your cluster could be accessible to anyone. See https://www.elastic.co/guide/en/elasticsearch/reference/7.13/security-minimal-setup.html to enable security."]
2021-06-22 22:16:15,990 WARN  [org.ela.cli.RestClient] (Hibernate Search - default backend - Transport thread - 4) request [POST http://localhost:9200/_bulk] returned 1 warnings: [299 Elasticsearch-7.13.2-4d960a0733be83dd2543ca018aa4ddc42e956800 "Elasticsearch built-in security features are not enabled. Without authentication, your cluster could be accessible to anyone. See https://www.elastic.co/guide/en/elasticsearch/reference/7.13/security-minimal-setup.html to enable security."]
2021-06-22 22:16:15,990 WARN  [org.ela.cli.RestClient] (Hibernate Search - default backend - Transport thread - 1) request [POST http://localhost:9200/_bulk] returned 1 warnings: [299 Elasticsearch-7.13.2-4d960a0733be83dd2543ca018aa4ddc42e956800 "Elasticsearch built-in security features are not enabled. Without authentication, your cluster could be accessible to anyone. See https://www.elastic.co/guide/en/elasticsearch/reference/7.13/security-minimal-setup.html to enable security."]
2021-06-22 22:16:15,990 WARN  [org.ela.cli.RestClient] (Hibernate Search - default backend - Transport thread - 2) request [POST http://localhost:9200/_bulk] returned 1 warnings: [299 Elasticsearch-7.13.2-4d960a0733be83dd2543ca018aa4ddc42e956800 "Elasticsearch built-in security features are not enabled. Without authentication, your cluster could be accessible to anyone. See https://www.elastic.co/guide/en/elasticsearch/reference/7.13/security-minimal-setup.html to enable security."]
2021-06-22 22:16:15,990 WARN  [org.ela.cli.RestClient] (Hibernate Search - default backend - Transport thread - 2) request [POST http://localhost:9200/_bulk] returned 1 warnings: [299 Elasticsearch-7.13.2-4d960a0733be83dd2543ca018aa4ddc42e956800 "Elasticsearch built-in security features are not enabled. Without authentication, your cluster could be accessible to anyone. See https://www.elastic.co/guide/en/elasticsearch/reference/7.13/security-minimal-setup.html to enable security."]
2021-06-22 22:16:15,990 WARN  [org.ela.cli.RestClient] (Hibernate Search - default backend - Transport thread - 3) request [POST http://localhost:9200/_bulk] returned 1 warnings: [299 Elasticsearch-7.13.2-4d960a0733be83dd2543ca018aa4ddc42e956800 "Elasticsearch built-in security features are not enabled. Without authentication, your cluster could be accessible to anyone. See https://www.elastic.co/guide/en/elasticsearch/reference/7.13/security-minimal-setup.html to enable security."]
2021-06-22 22:16:15,998 WARN  [org.ela.cli.RestClient] (Hibernate Search - default backend - Transport thread - 6) request [POST http://localhost:9200/_bulk] returned 1 warnings: [299 Elasticsearch-7.13.2-4d960a0733be83dd2543ca018aa4ddc42e956800 "Elasticsearch built-in security features are not enabled. Without authentication, your cluster could be accessible to anyone. See https://www.elastic.co/guide/en/elasticsearch/reference/7.13/security-minimal-setup.html to enable security."]
2021-06-22 22:16:15,998 WARN  [org.ela.cli.RestClient] (Hibernate Search - default backend - Transport thread - 1) request [POST http://localhost:9200/_bulk] returned 1 warnings: [299 Elasticsearch-7.13.2-4d960a0733be83dd2543ca018aa4ddc42e956800 "Elasticsearch built-in security features are not enabled. Without authentication, your cluster could be accessible to anyone. See https://www.elastic.co/guide/en/elasticsearch/reference/7.13/security-minimal-setup.html to enable security."]
2021-06-22 22:16:15,998 WARN  [org.ela.cli.RestClient] (Hibernate Search - default backend - Transport thread - 5) request [POST http://localhost:9200/_bulk] returned 1 warnings: [299 Elasticsearch-7.13.2-4d960a0733be83dd2543ca018aa4ddc42e956800 "Elasticsearch built-in security features are not enabled. Without authentication, your cluster could be accessible to anyone. See https://www.elastic.co/guide/en/elasticsearch/reference/7.13/security-minimal-setup.html to enable security."]
2021-06-22 22:16:16,002 WARN  [org.ela.cli.RestClient] (Hibernate Search - default backend - Transport thread - 2) request [POST http://localhost:9200/_bulk] returned 1 warnings: [299 Elasticsearch-7.13.2-4d960a0733be83dd2543ca018aa4ddc42e956800 "Elasticsearch built-in security features are not enabled. Without authentication, your cluster could be accessible to anyone. See https://www.elastic.co/guide/en/elasticsearch/reference/7.13/security-minimal-setup.html to enable security."]
2021-06-22 22:16:16,084 WARN  [org.ela.cli.RestClient] (Hibernate Search - default backend - Transport thread - 2) request [POST http://localhost:9200/author-write/_flush] returned 1 warnings: [299 Elasticsearch-7.13.2-4d960a0733be83dd2543ca018aa4ddc42e956800 "Elasticsearch built-in security features are not enabled. Without authentication, your cluster could be accessible to anyone. See https://www.elastic.co/guide/en/elasticsearch/reference/7.13/security-minimal-setup.html to enable security."]
2021-06-22 22:16:16,162 WARN  [org.ela.cli.RestClient] (Hibernate Search - default backend - Transport thread - 5) request [POST http://localhost:9200/book-write/_flush] returned 1 warnings: [299 Elasticsearch-7.13.2-4d960a0733be83dd2543ca018aa4ddc42e956800 "Elasticsearch built-in security features are not enabled. Without authentication, your cluster could be accessible to anyone. See https://www.elastic.co/guide/en/elasticsearch/reference/7.13/security-minimal-setup.html to enable security."]
2021-06-22 22:16:16,166 WARN  [org.ela.cli.RestClient] (Hibernate Search - default backend - Transport thread - 5) request [POST http://localhost:9200/author-write/_refresh] returned 1 warnings: [299 Elasticsearch-7.13.2-4d960a0733be83dd2543ca018aa4ddc42e956800 "Elasticsearch built-in security features are not enabled. Without authentication, your cluster could be accessible to anyone. See https://www.elastic.co/guide/en/elasticsearch/reference/7.13/security-minimal-setup.html to enable security."]
2021-06-22 22:16:16,167 WARN  [org.ela.cli.RestClient] (Hibernate Search - default backend - Transport thread - 2) request [POST http://localhost:9200/book-write/_refresh] returned 1 warnings: [299 Elasticsearch-7.13.2-4d960a0733be83dd2543ca018aa4ddc42e956800 "Elasticsearch built-in security features are not enabled. Without authentication, your cluster could be accessible to anyone. See https://www.elastic.co/guide/en/elasticsearch/reference/7.13/security-minimal-setup.html to enable security."]
2021-06-22 22:16:16,168 INFO  [org.hib.sea.map.orm.mas.imp.LoggingMassIndexingMonitor] (main) HSEARCH000028: Mass indexing complete. Indexed 231 entities.
]]></system-out>
  </testcase>
</testsuite>